<?xml version="1.0" encoding="UTF-8"?>
<!-- Generated by org.testng.reporters.JUnitXMLReporter -->
<testsuite ignored="0" hostname="Abhisheks-MacBook-Air.local" failures="0" tests="21" name="Test" time="69.087" errors="0" timestamp="2024-07-30T12:49:20 IST">
  <testcase classname="testcases.Facebook_AutomationTest" name="@BeforeClass initBrowser" time="0.029">
    <failure type="java.lang.NullPointerException" message="Cannot invoke &amp;quot;java.util.Map.get(Object)&amp;quot; because &amp;quot;this.configData&amp;quot; is null">
      <![CDATA[java.lang.NullPointerException: Cannot invoke "java.util.Map.get(Object)" because "this.configData" is null
at testcases.Facebook_AutomationTest.initBrowser(Facebook_AutomationTest.java:37)
at java.base/java.util.concurrent.ThreadPoolExecutor.runWorker(ThreadPoolExecutor.java:1144)
at java.base/java.util.concurrent.ThreadPoolExecutor$Worker.run(ThreadPoolExecutor.java:642)
at java.base/java.lang.Thread.run(Thread.java:1570)
... Removed 8 stack frames]]>
    </failure>
  </testcase> <!-- @BeforeClass initBrowser -->
  <testcase classname="testcases.Facebook_AutomationTest" name="@AfterClass tearDown" time="0.033">
    <failure type="java.lang.NullPointerException" message="Cannot invoke &amp;quot;org.openqa.selenium.WebDriver.quit()&amp;quot; because &amp;quot;this.driver&amp;quot; is null">
      <![CDATA[java.lang.NullPointerException: Cannot invoke "org.openqa.selenium.WebDriver.quit()" because "this.driver" is null
at coreUtilities.testbase.TestBase.browserTearDown(TestBase.java:103)
at testcases.Facebook_AutomationTest.tearDown(Facebook_AutomationTest.java:218)
at java.base/java.util.concurrent.ThreadPoolExecutor.runWorker(ThreadPoolExecutor.java:1144)
at java.base/java.util.concurrent.ThreadPoolExecutor$Worker.run(ThreadPoolExecutor.java:642)
at java.base/java.lang.Thread.run(Thread.java:1570)
... Removed 9 stack frames]]>
    </failure>
  </testcase> <!-- @AfterClass tearDown -->
  <testcase classname="testcases.Facebook_AutomationTest" name="validateFacebookTitleofLoginPage" time="0.0">
    <skipped/>
  </testcase> <!-- validateFacebookTitleofLoginPage -->
  <testcase classname="testcases.Facebook_AutomationTest" name="verifyPresenceOfAllFieldsinTheLoginPage" time="0.0">
    <skipped/>
  </testcase> <!-- verifyPresenceOfAllFieldsinTheLoginPage -->
  <testcase classname="testcases.Facebook_AutomationTest" name="validateErrorMessageWithoutProvideAnyCredentials" time="0.0">
    <skipped/>
  </testcase> <!-- validateErrorMessageWithoutProvideAnyCredentials -->
  <testcase classname="testcases.Facebook_AutomationTest" name="validateErrorMessageWithoutProvidePassword" time="0.0">
    <skipped/>
  </testcase> <!-- validateErrorMessageWithoutProvidePassword -->
  <testcase classname="testcases.Facebook_AutomationTest" name="validateErrorMessageWithoutProvideEmailOrPhoneNumber" time="0.0">
    <skipped/>
  </testcase> <!-- validateErrorMessageWithoutProvideEmailOrPhoneNumber -->
  <testcase classname="testcases.Facebook_AutomationTest" name="goBackToLogInPageAndValidateCreateNewAccountButtonIsPresentOrNot" time="0.0">
    <skipped/>
  </testcase> <!-- goBackToLogInPageAndValidateCreateNewAccountButtonIsPresentOrNot -->
  <testcase classname="testcases.Facebook_AutomationTest" name="click_on_forgetten_account_link_then_validate_Email_adddress_Or_phone_number_field" time="0.0">
    <skipped/>
  </testcase> <!-- click_on_forgetten_account_link_then_validate_Email_adddress_Or_phone_number_field -->
  <testcase classname="testcases.Facebook_AutomationTest" name="verifyAllFieldsArePresentInTheSignUpPage" time="0.0">
    <skipped/>
  </testcase> <!-- verifyAllFieldsArePresentInTheSignUpPage -->
  <testcase classname="testcases.Facebook_AutomationTest" name="enterFirstNameInFirstNameTextFieldOfTheSignupPage" time="0.0">
    <skipped/>
  </testcase> <!-- enterFirstNameInFirstNameTextFieldOfTheSignupPage -->
  <testcase classname="testcases.Facebook_AutomationTest" name="enterValueInSignupPage" time="0.0">
    <skipped/>
  </testcase> <!-- enterValueInSignupPage -->
  <testcase classname="testcases.Facebook_AutomationTest" name="selectAnyDateFromDateDropdownAndVerifyDateDropdownIsPrsentOrNot" time="0.0">
    <skipped/>
  </testcase> <!-- selectAnyDateFromDateDropdownAndVerifyDateDropdownIsPrsentOrNot -->
  <testcase classname="testcases.Facebook_AutomationTest" name="selectAnyMonthFromMonthDropdownAndVerifyMonthDropdownIsPrsentOrNot" time="0.001">
    <skipped/>
  </testcase> <!-- selectAnyMonthFromMonthDropdownAndVerifyMonthDropdownIsPrsentOrNot -->
  <testcase classname="testcases.Facebook_AutomationTest" name="selectAnyYearFromYearDropdownAndVerifyYearDropdownIsPrsentOrNot" time="0.0">
    <skipped/>
  </testcase> <!-- selectAnyYearFromYearDropdownAndVerifyYearDropdownIsPrsentOrNot -->
  <testcase classname="testcases.Facebook_AutomationTest" name="verifyAllprsenceOfFieldAfterCloseTheSignupPage" time="0.0">
    <skipped/>
  </testcase> <!-- verifyAllprsenceOfFieldAfterCloseTheSignupPage -->
  <testcase classname="testcases.Facebook_AutomationTest" name="enterValidEmail_PasswordInTextFieldAndVerifyLoginButtonIsPresentOrNot" time="0.0">
    <skipped/>
  </testcase> <!-- enterValidEmail_PasswordInTextFieldAndVerifyLoginButtonIsPresentOrNot -->
  <testcase classname="testcases.Facebook_AutomationTest" name="loginTheFacebookByGivenValidCredetial" time="0.0">
    <skipped/>
  </testcase> <!-- loginTheFacebookByGivenValidCredetial -->
  <testcase classname="testcases.Facebook_AutomationTest" name="afterLoggedInValidateTheTitleOfFacebookHomePage" time="0.0">
    <skipped/>
  </testcase> <!-- afterLoggedInValidateTheTitleOfFacebookHomePage -->
  <testcase classname="testcases.Facebook_AutomationTest" name="clickOnProfileAndValidateTheProfileName" time="0.0">
    <skipped/>
  </testcase> <!-- clickOnProfileAndValidateTheProfileName -->
  <testcase classname="testcases.Facebook_AutomationTest" name="clickOnUpdateProfilePictureAndUploadProfilePicture" time="0.0">
    <skipped/>
  </testcase> <!-- clickOnUpdateProfilePictureAndUploadProfilePicture -->
  <testcase classname="testcases.Facebook_AutomationTest" name="goToThePreviousPageAndClickOnAccount" time="0.0">
    <skipped/>
  </testcase> <!-- goToThePreviousPageAndClickOnAccount -->
  <testcase classname="testcases.Facebook_AutomationTest" name="clickOnLogoutButton" time="0.001">
    <skipped/>
  </testcase> <!-- clickOnLogoutButton -->
</testsuite> <!-- Test -->
