<?xml version="1.0" encoding="UTF-8"?>
<!-- Generated by org.testng.reporters.JUnitReportReporter -->
<testsuite hostname="Abhisheks-MacBook-Air.local" failures="0" tests="23" name="testcases.Facebook_AutomationTest" time="0.064" errors="2" timestamp="2024-07-30T12:49:21 IST" skipped="21">
  <testcase classname="testcases.Facebook_AutomationTest" name="initBrowser" time="0.029">
    <error message="Cannot invoke &quot;java.util.Map.get(Object)&quot; because &quot;this.configData&quot; is null" type="java.lang.NullPointerException">
      <![CDATA[java.lang.NullPointerException: Cannot invoke "java.util.Map.get(Object)" because "this.configData" is null
at testcases.Facebook_AutomationTest.initBrowser(Facebook_AutomationTest.java:37)
at java.base/jdk.internal.reflect.DirectMethodHandleAccessor.invoke(DirectMethodHandleAccessor.java:103)
at java.base/java.lang.reflect.Method.invoke(Method.java:580)
at org.testng.internal.invokers.MethodInvocationHelper.invokeMethod(MethodInvocationHelper.java:139)
at org.testng.internal.invokers.MethodInvocationHelper.invokeMethodConsideringTimeout(MethodInvocationHelper.java:69)
at org.testng.internal.invokers.ConfigInvoker.invokeConfigurationMethod(ConfigInvoker.java:390)
at org.testng.internal.invokers.ConfigInvoker.invokeConfigurations(ConfigInvoker.java:325)
at org.testng.internal.invokers.TestMethodWorker.invokeBeforeClassMethods(TestMethodWorker.java:180)
at org.testng.internal.invokers.TestMethodWorker.run(TestMethodWorker.java:122)
at java.base/java.util.concurrent.ThreadPoolExecutor.runWorker(ThreadPoolExecutor.java:1144)
at java.base/java.util.concurrent.ThreadPoolExecutor$Worker.run(ThreadPoolExecutor.java:642)
at java.base/java.lang.Thread.run(Thread.java:1570)
]]>
    </error>
  </testcase> <!-- initBrowser -->
  <testcase classname="testcases.Facebook_AutomationTest" name="tearDown" time="0.033">
    <error message="Cannot invoke &quot;org.openqa.selenium.WebDriver.quit()&quot; because &quot;this.driver&quot; is null" type="java.lang.NullPointerException">
      <![CDATA[java.lang.NullPointerException: Cannot invoke "org.openqa.selenium.WebDriver.quit()" because "this.driver" is null
at coreUtilities.testbase.TestBase.browserTearDown(TestBase.java:103)
at testcases.Facebook_AutomationTest.tearDown(Facebook_AutomationTest.java:218)
at java.base/jdk.internal.reflect.DirectMethodHandleAccessor.invoke(DirectMethodHandleAccessor.java:103)
at java.base/java.lang.reflect.Method.invoke(Method.java:580)
at org.testng.internal.invokers.MethodInvocationHelper.invokeMethod(MethodInvocationHelper.java:139)
at org.testng.internal.invokers.MethodInvocationHelper.invokeMethodConsideringTimeout(MethodInvocationHelper.java:69)
at org.testng.internal.invokers.ConfigInvoker.invokeConfigurationMethod(ConfigInvoker.java:390)
at org.testng.internal.invokers.ConfigInvoker.invokeConfigurations(ConfigInvoker.java:325)
at org.testng.internal.invokers.TestMethodWorker.invokeAfterClassConfigurations(TestMethodWorker.java:229)
at org.testng.internal.invokers.TestMethodWorker.invokeAfterClassMethods(TestMethodWorker.java:215)
at org.testng.internal.invokers.TestMethodWorker.run(TestMethodWorker.java:131)
at java.base/java.util.concurrent.ThreadPoolExecutor.runWorker(ThreadPoolExecutor.java:1144)
at java.base/java.util.concurrent.ThreadPoolExecutor$Worker.run(ThreadPoolExecutor.java:642)
at java.base/java.lang.Thread.run(Thread.java:1570)
]]>
    </error>
  </testcase> <!-- tearDown -->
  <testcase classname="testcases.Facebook_AutomationTest" name="validateFacebookTitleofLoginPage" time="0.000">
    <skipped/>
  </testcase> <!-- validateFacebookTitleofLoginPage -->
  <testcase classname="testcases.Facebook_AutomationTest" name="verifyPresenceOfAllFieldsinTheLoginPage" time="0.000">
    <skipped/>
  </testcase> <!-- verifyPresenceOfAllFieldsinTheLoginPage -->
  <testcase classname="testcases.Facebook_AutomationTest" name="validateErrorMessageWithoutProvideAnyCredentials" time="0.000">
    <skipped/>
  </testcase> <!-- validateErrorMessageWithoutProvideAnyCredentials -->
  <testcase classname="testcases.Facebook_AutomationTest" name="validateErrorMessageWithoutProvidePassword" time="0.000">
    <skipped/>
  </testcase> <!-- validateErrorMessageWithoutProvidePassword -->
  <testcase classname="testcases.Facebook_AutomationTest" name="validateErrorMessageWithoutProvideEmailOrPhoneNumber" time="0.000">
    <skipped/>
  </testcase> <!-- validateErrorMessageWithoutProvideEmailOrPhoneNumber -->
  <testcase classname="testcases.Facebook_AutomationTest" name="goBackToLogInPageAndValidateCreateNewAccountButtonIsPresentOrNot" time="0.000">
    <skipped/>
  </testcase> <!-- goBackToLogInPageAndValidateCreateNewAccountButtonIsPresentOrNot -->
  <testcase classname="testcases.Facebook_AutomationTest" name="click_on_forgetten_account_link_then_validate_Email_adddress_Or_phone_number_field" time="0.000">
    <skipped/>
  </testcase> <!-- click_on_forgetten_account_link_then_validate_Email_adddress_Or_phone_number_field -->
  <testcase classname="testcases.Facebook_AutomationTest" name="verifyAllFieldsArePresentInTheSignUpPage" time="0.000">
    <skipped/>
  </testcase> <!-- verifyAllFieldsArePresentInTheSignUpPage -->
  <testcase classname="testcases.Facebook_AutomationTest" name="enterFirstNameInFirstNameTextFieldOfTheSignupPage" time="0.000">
    <skipped/>
  </testcase> <!-- enterFirstNameInFirstNameTextFieldOfTheSignupPage -->
  <testcase classname="testcases.Facebook_AutomationTest" name="enterValueInSignupPage" time="0.000">
    <skipped/>
  </testcase> <!-- enterValueInSignupPage -->
  <testcase classname="testcases.Facebook_AutomationTest" name="selectAnyDateFromDateDropdownAndVerifyDateDropdownIsPrsentOrNot" time="0.000">
    <skipped/>
  </testcase> <!-- selectAnyDateFromDateDropdownAndVerifyDateDropdownIsPrsentOrNot -->
  <testcase classname="testcases.Facebook_AutomationTest" name="selectAnyMonthFromMonthDropdownAndVerifyMonthDropdownIsPrsentOrNot" time="0.001">
    <skipped/>
  </testcase> <!-- selectAnyMonthFromMonthDropdownAndVerifyMonthDropdownIsPrsentOrNot -->
  <testcase classname="testcases.Facebook_AutomationTest" name="selectAnyYearFromYearDropdownAndVerifyYearDropdownIsPrsentOrNot" time="0.000">
    <skipped/>
  </testcase> <!-- selectAnyYearFromYearDropdownAndVerifyYearDropdownIsPrsentOrNot -->
  <testcase classname="testcases.Facebook_AutomationTest" name="verifyAllprsenceOfFieldAfterCloseTheSignupPage" time="0.000">
    <skipped/>
  </testcase> <!-- verifyAllprsenceOfFieldAfterCloseTheSignupPage -->
  <testcase classname="testcases.Facebook_AutomationTest" name="enterValidEmail_PasswordInTextFieldAndVerifyLoginButtonIsPresentOrNot" time="0.000">
    <skipped/>
  </testcase> <!-- enterValidEmail_PasswordInTextFieldAndVerifyLoginButtonIsPresentOrNot -->
  <testcase classname="testcases.Facebook_AutomationTest" name="loginTheFacebookByGivenValidCredetial" time="0.000">
    <skipped/>
  </testcase> <!-- loginTheFacebookByGivenValidCredetial -->
  <testcase classname="testcases.Facebook_AutomationTest" name="afterLoggedInValidateTheTitleOfFacebookHomePage" time="0.000">
    <skipped/>
  </testcase> <!-- afterLoggedInValidateTheTitleOfFacebookHomePage -->
  <testcase classname="testcases.Facebook_AutomationTest" name="clickOnProfileAndValidateTheProfileName" time="0.000">
    <skipped/>
  </testcase> <!-- clickOnProfileAndValidateTheProfileName -->
  <testcase classname="testcases.Facebook_AutomationTest" name="clickOnUpdateProfilePictureAndUploadProfilePicture" time="0.000">
    <skipped/>
  </testcase> <!-- clickOnUpdateProfilePictureAndUploadProfilePicture -->
  <testcase classname="testcases.Facebook_AutomationTest" name="goToThePreviousPageAndClickOnAccount" time="0.000">
    <skipped/>
  </testcase> <!-- goToThePreviousPageAndClickOnAccount -->
  <testcase classname="testcases.Facebook_AutomationTest" name="clickOnLogoutButton" time="0.001">
    <skipped/>
  </testcase> <!-- clickOnLogoutButton -->
</testsuite> <!-- testcases.Facebook_AutomationTest -->
